[2026-06-02 18:31:21.234] [INFO] Application starting... (main)
[2026-06-02 18:31:21.243] [INFO] DataTransfer initialized (DataTransfer)
[2026-06-02 18:31:21.244] [INFO] P2PManager created with ID: 10a02407-818f-4bc0-9944-271b06d7b6e5 (P2PManager)
[2026-06-02 18:31:21.306] [INFO] Main window created (MainWindow)
[2026-06-02 18:31:21.342] [INFO] Application started (main)
[2026-06-02 18:31:40.938] [INFO] UDP Hole Punching stopped (stop)
[2026-06-02 18:31:55.168] [INFO] Application starting... (main)
[2026-06-02 18:31:55.172] [INFO] DataTransfer initialized (DataTransfer)
[2026-06-02 18:31:55.172] [INFO] P2PManager created with ID: 6a23bb21-2177-4ea4-935e-0b51b2adc92d (P2PManager)
[2026-06-02 18:31:55.187] [INFO] Main window created (MainWindow)
[2026-06-02 18:31:55.218] [INFO] Application started (main)
[2026-06-02 18:32:00.696] [INFO] UDP Hole Punching started on port 8889 (start)
[2026-06-02 18:32:00.696] [INFO] P2P service started - TCP: 8888, UDP: 8889, ID: 6a23bb21-2177-4ea4-935e-0b51b2adc92d (start)
[2026-06-02 18:32:14.502] [INFO] Connecting to 127.0.0.1:8888 (connectToHost)
[2026-06-02 18:32:14.506] [INFO] Accepted incoming connection from ::ffff:127.0.0.1:25210 (setSocket)
[2026-06-02 18:32:14.506] [INFO] Accepted new incoming connection (onNewConnection)
[2026-06-02 18:32:14.507] [INFO] Connected to 127.0.0.1:8888 (onConnected)
[2026-06-02 18:32:14.507] [DEBUG] Sent 116 bytes (sendData)
[2026-06-02 18:32:14.507] [INFO] Sent hello message to peer (onPeerConnected)
[2026-06-02 18:32:14.508] [DEBUG] Registered peer: 6a23bb21-2177-4ea4-935e-0b51b2adc92d at :8889 (Public: Yes) (registerPeer)
[2026-06-02 18:32:14.508] [DEBUG] Sent 125 bytes (sendData)
[2026-06-02 18:32:14.508] [INFO] Peer connected: 6a23bb21-2177-4ea4-935e-0b51b2adc92d at tlcpp:8888 (handleIncomingMessage)
[2026-06-02 18:32:17.178] [DEBUG] Read file: C:/Users/a540a/Desktop/1.py, size: 977 bytes (readFile)
[2026-06-02 18:32:17.179] [DEBUG] Read file: C:/Users/a540a/Desktop/1.py, size: 977 bytes (readFile)
[2026-06-02 18:32:17.179] [DEBUG] Split data into 1 chunks (splitData)
[2026-06-02 18:32:17.179] [INFO] Starting file transfer: C:/Users/a540a/Desktop/1.py to ::ffff:127.0.0.1:25210 (sendFile)
[2026-06-02 18:32:17.179] [INFO] Connecting to ::ffff:127.0.0.1:25210 (connectToHost)
[2026-06-02 18:32:17.180] [INFO] Started file transfer to peer 6a23bb21-2177-4ea4-935e-0b51b2adc92d: C:/Users/a540a/Desktop/1.py (sendFile)
[2026-06-02 18:32:21.278] [ERROR] Socket error: Connection refused (code: 0) (onError)
[2026-06-02 18:32:23.121] [ERROR] Transfer failed: Connection refused (onDataTransferFailed)
[2026-06-02 18:32:25.894] [DEBUG] Read file: C:/Users/a540a/Desktop/1.py, size: 977 bytes (readFile)
[2026-06-02 18:32:25.894] [DEBUG] Read file: C:/Users/a540a/Desktop/1.py, size: 977 bytes (readFile)
[2026-06-02 18:32:25.894] [DEBUG] Split data into 1 chunks (splitData)
[2026-06-02 18:32:25.897] [INFO] Starting file transfer: C:/Users/a540a/Desktop/1.py to ::ffff:127.0.0.1:25210 (sendFile)
[2026-06-02 18:32:25.897] [INFO] Connecting to ::ffff:127.0.0.1:25210 (connectToHost)
[2026-06-02 18:32:25.897] [INFO] Started file transfer to peer 6a23bb21-2177-4ea4-935e-0b51b2adc92d: C:/Users/a540a/Desktop/1.py (sendFile)
[2026-06-02 18:32:29.963] [ERROR] Socket error: Connection refused (code: 0) (onError)
[2026-06-02 18:32:44.526] [DEBUG] Sent 6 bytes (sendData)
[2026-06-02 18:32:44.526] [DEBUG] Sent keep-alive (sendKeepAlive)
[2026-06-02 18:32:44.526] [DEBUG] Sent 6 bytes (sendData)
[2026-06-02 18:32:44.526] [DEBUG] Sent keep-alive (sendKeepAlive)
[2026-06-02 18:32:44.526] [WARNING] Invalid JSON message received (handleIncomingMessage)
[2026-06-02 18:32:44.526] [WARNING] Invalid JSON message received (handleIncomingMessage)
[2026-06-02 18:32:58.084] [ERROR] Transfer failed: Connection refused (onDataTransferFailed)
[2026-06-02 18:32:58.739] [DEBUG] Read file: C:/Users/a540a/Desktop/1.py, size: 977 bytes (readFile)
[2026-06-02 18:32:58.739] [DEBUG] Read file: C:/Users/a540a/Desktop/1.py, size: 977 bytes (readFile)
[2026-06-02 18:32:58.739] [DEBUG] Split data into 1 chunks (splitData)
[2026-06-02 18:32:58.739] [INFO] Starting file transfer: C:/Users/a540a/Desktop/1.py to ::ffff:127.0.0.1:25210 (sendFile)
[2026-06-02 18:32:58.739] [INFO] Connecting to ::ffff:127.0.0.1:25210 (connectToHost)
[2026-06-02 18:32:58.739] [INFO] Started file transfer to peer 6a23bb21-2177-4ea4-935e-0b51b2adc92d: C:/Users/a540a/Desktop/1.py (sendFile)
[2026-06-02 18:33:02.838] [ERROR] Socket error: Connection refused (code: 0) (onError)
[2026-06-02 18:33:03.774] [ERROR] Transfer failed: Connection refused (onDataTransferFailed)
[2026-06-02 18:33:05.219] [INFO] Connecting to 127.0.0.1:8888 (connectToHost)
[2026-06-02 18:33:05.220] [INFO] Accepted incoming connection from ::ffff:127.0.0.1:45742 (setSocket)
[2026-06-02 18:33:05.220] [INFO] Accepted new incoming connection (onNewConnection)
[2026-06-02 18:33:05.221] [INFO] Connected to 127.0.0.1:8888 (onConnected)
[2026-06-02 18:33:05.221] [DEBUG] Sent 116 bytes (sendData)
[2026-06-02 18:33:05.221] [INFO] Sent hello message to peer (onPeerConnected)
[2026-06-02 18:33:05.222] [DEBUG] Registered peer: 6a23bb21-2177-4ea4-935e-0b51b2adc92d at :8889 (Public: Yes) (registerPeer)
[2026-06-02 18:33:05.222] [DEBUG] Sent 125 bytes (sendData)
[2026-06-02 18:33:05.222] [INFO] Peer connected: 6a23bb21-2177-4ea4-935e-0b51b2adc92d at tlcpp:8888 (handleIncomingMessage)
[2026-06-02 18:33:08.353] [DEBUG] Read file: C:/Users/a540a/Desktop/1.py, size: 977 bytes (readFile)
[2026-06-02 18:33:08.354] [DEBUG] Read file: C:/Users/a540a/Desktop/1.py, size: 977 bytes (readFile)
[2026-06-02 18:33:08.354] [DEBUG] Split data into 1 chunks (splitData)
[2026-06-02 18:33:08.354] [INFO] Starting file transfer: C:/Users/a540a/Desktop/1.py to ::ffff:127.0.0.1:45742 (sendFile)
[2026-06-02 18:33:08.354] [INFO] Connecting to ::ffff:127.0.0.1:45742 (connectToHost)
[2026-06-02 18:33:08.354] [INFO] Started file transfer to peer 6a23bb21-2177-4ea4-935e-0b51b2adc92d: C:/Users/a540a/Desktop/1.py (sendFile)
[2026-06-02 18:33:12.434] [ERROR] Socket error: Connection refused (code: 0) (onError)
[2026-06-02 18:33:13.749] [ERROR] Transfer failed: Connection refused (onDataTransferFailed)
[2026-06-02 18:33:14.530] [DEBUG] Sent 6 bytes (sendData)
[2026-06-02 18:33:14.530] [DEBUG] Sent keep-alive (sendKeepAlive)
[2026-06-02 18:33:14.530] [DEBUG] Sent 6 bytes (sendData)
[2026-06-02 18:33:14.530] [DEBUG] Sent keep-alive (sendKeepAlive)
[2026-06-02 18:33:14.530] [WARNING] Invalid JSON message received (handleIncomingMessage)
[2026-06-02 18:33:14.530] [WARNING] Invalid JSON message received (handleIncomingMessage)
[2026-06-02 18:33:28.863] [INFO] Connection closed by peer (onDisconnected)
[2026-06-02 18:33:28.863] [INFO] Connection disconnected (disconnect)
[2026-06-02 18:33:28.864] [INFO] Peer disconnected: 6a23bb21-2177-4ea4-935e-0b51b2adc92d (updatePeerStatus)
[2026-06-02 18:33:30.772] [INFO] Application starting... (main)
[2026-06-02 18:33:30.772] [INFO] DataTransfer initialized (DataTransfer)
[2026-06-02 18:33:30.773] [INFO] P2PManager created with ID: f1ba03cf-594c-47b7-a289-fa28d8969cde (P2PManager)
[2026-06-02 18:33:30.791] [INFO] Main window created (MainWindow)
[2026-06-02 18:33:30.821] [INFO] Application started (main)
[2026-06-02 18:33:39.470] [INFO] UDP Hole Punching stopped (stop)
